<?xml version="1.0" encoding="UTF-8"?>
<!-- Generated by org.testng.reporters.JUnitReportReporter -->
<testsuite hostname="DESKTOP-QS8IMHF" name="zoho.zohosignIn.suitepack.ZohoSignInTestClass" tests="1" failures="0" timestamp="4 Aug 2019 07:57:22 GMT" time="34.742" errors="0">
  <testcase name="validateSignIn" time="34.742" classname="zoho.zohosignIn.suitepack.ZohoSignInTestClass"/>
</testsuite> <!-- zoho.zohosignIn.suitepack.ZohoSignInTestClass -->
