<?xml version="1.0" encoding="UTF-8"?>
<!-- Generated by org.testng.reporters.JUnitReportReporter -->
<testsuite hostname="DESKTOP-QS8IMHF" name="test.TestClass" tests="1" failures="0" timestamp="3 Aug 2019 07:43:23 GMT" time="52.071" errors="0">
  <testcase name="setUp" time="52.071" classname="test.TestClass"/>
</testsuite> <!-- test.TestClass -->
